SF:lib\app\core\error\failure.dart
DA:5,7
DA:13,0
DA:17,0
DA:20,0
DA:21,0
DA:25,3
DA:28,3
DA:32,8
DA:36,2
DA:41,8
DA:53,2
LF:11
LH:7
end_of_record
SF:lib\app\core\use_cases\use_case.dart
DA:10,4
LF:1
LH:1
end_of_record
SF:lib\app\domain\use_cases\storage\delete_token_use_case.dart
DA:12,1
DA:14,1
DA:16,2
LF:3
LH:3
end_of_record
SF:lib\app\infra\repositories\storage_repository.dart
DA:12,1
DA:14,1
DA:17,2
DA:18,1
DA:19,1
DA:20,3
DA:24,1
DA:27,3
DA:28,1
DA:29,3
DA:33,1
DA:37,2
DA:41,1
DA:42,1
DA:43,3
LF:15
LH:15
end_of_record
SF:lib\app\infra\i_local_datasource\i_storage_datasource.dart
DA:14,0
LF:1
LH:0
end_of_record
SF:lib\app\external\local_datasource\storage_datasource.dart
DA:12,1
DA:14,1
DA:17,2
DA:18,1
DA:26,1
DA:29,2
DA:30,1
DA:38,1
DA:41,1
DA:43,1
LF:10
LH:10
end_of_record
SF:lib\app\core\network\client.dart
DA:27,0
DA:29,0
DA:30,0
DA:31,0
DA:34,0
DA:35,0
DA:36,0
DA:37,0
DA:41,0
DA:43,0
DA:44,0
DA:45,0
DA:46,0
DA:49,0
DA:50,0
DA:51,0
DA:52,0
DA:56,0
DA:58,0
DA:59,0
DA:60,0
DA:61,0
DA:64,0
DA:65,0
DA:66,0
DA:67,0
DA:71,0
DA:73,0
DA:74,0
DA:75,0
DA:76,0
DA:79,0
DA:80,0
DA:81,0
DA:82,0
LF:35
LH:0
end_of_record
SF:lib\app\core\network\i_client.dart
DA:18,1
DA:30,1
DA:43,0
DA:57,0
DA:71,0
LF:5
LH:2
end_of_record
SF:lib\app\core\network\interceptor.dart
DA:7,0
DA:21,0
DA:24,0
DA:36,0
LF:4
LH:0
end_of_record
SF:lib\app\domain\entities\product_entity.dart
DA:9,0
LF:1
LH:0
end_of_record
SF:lib\app\external\remote_datasource\store_datasource.dart
DA:15,1
DA:17,1
DA:20,1
DA:21,3
DA:23,2
DA:24,1
DA:25,1
DA:26,2
DA:27,1
DA:29,1
DA:34,1
DA:36,2
DA:38,1
DA:39,0
DA:43,0
DA:45,0
DA:50,1
DA:54,3
DA:56,2
DA:57,2
DA:60,1
DA:62,2
DA:64,1
DA:65,0
DA:69,0
DA:71,0
LF:26
LH:20
end_of_record
SF:lib\app\infra\model\product\product_model.dart
DA:18,3
DA:19,3
LF:2
LH:2
end_of_record
SF:lib\app\infra\model\product\product_model.g.dart
DA:9,6
DA:10,3
DA:11,3
DA:12,6
DA:13,3
DA:14,3
DA:15,3
DA:18,0
DA:19,0
DA:20,0
DA:21,0
DA:22,0
DA:23,0
DA:24,0
DA:25,0
LF:15
LH:7
end_of_record
SF:lib\app\infra\repositories\store_repository.dart
DA:13,1
DA:15,1
DA:18,2
DA:20,1
DA:21,1
DA:22,4
DA:26,1
DA:29,2
DA:31,1
DA:32,1
DA:33,4
LF:11
LH:11
end_of_record
SF:lib\app\domain\use_cases\store\get_categories_use_case.dart
DA:14,1
DA:16,1
DA:18,2
LF:3
LH:3
end_of_record
SF:lib\app\core\cache\local_storage\i_local_storage.dart
DA:18,1
DA:24,1
DA:31,0
LF:3
LH:2
end_of_record
SF:lib\app\core\cache\local_storage\local_storage.dart
DA:16,0
DA:19,0
DA:21,0
DA:22,0
DA:26,0
DA:29,0
DA:31,0
DA:32,0
DA:36,0
DA:39,0
DA:43,0
DA:44,0
DA:45,0
DA:49,0
DA:52,0
DA:53,0
DA:54,0
DA:58,0
DA:61,0
DA:63,0
DA:64,0
LF:21
LH:0
end_of_record
SF:lib\app\domain\use_cases\storage\get_token_use_case.dart
DA:13,1
DA:15,1
DA:17,2
LF:3
LH:3
end_of_record
SF:lib\app\domain\use_cases\storage\save_token_use_case.dart
DA:12,1
DA:14,1
DA:16,2
LF:3
LH:3
end_of_record
SF:lib\app\domain\use_cases\store\get_products_use_case.dart
DA:14,1
DA:16,1
DA:18,2
LF:3
LH:3
end_of_record
